#
# A fatal error has been detected by the Java Runtime Environment:
#
#  EXCEPTION_ACCESS_VIOLATION (0xc0000005) at pc=0x00007ffd102e26c4, pid=16968, tid=7620
#
# JRE version: Java(TM) SE Runtime Environment (24.0.2+12) (build 24.0.2+12-54)
# Java VM: Java HotSpot(TM) 64-Bit Server VM (24.0.2+12-54, mixed mode, sharing, tiered, compressed oops, compressed class ptrs, g1 gc, windows-amd64)
# Problematic frame:
# C  [libasyncProfiler.dll+0x926c4]
#
# No core dump will be written. Minidumps are not enabled by default on client versions of Windows
#
# JFR recording file will be written. Location: D:\Grad proj\EduNest\EduNest\hs_err_pid16968.jfr
#
# If you would like to submit a bug report, please visit:
#   https://bugreport.java.com/bugreport/crash.jsp
# The crash happened outside the Java Virtual Machine in native code.
# See problematic frame for where to report the bug.
#

---------------  S U M M A R Y ------------

Command Line: -javaagent:C:\Program Files\JetBrains\IntelliJ IDEA 2025.1\lib\idea_rt.jar=52751 -agentpath:C:\Users\MARO\AppData\Local\Temp\idea_libasyncProfiler_dll_temp_folder7\libasyncProfiler.dll=start,jfr,event=wall,interval=10ms,jfrsync=profile,cstack=no,file=C:\Users\MARO\IdeaSnapshots\EduNestApplication_2026_01_26_155804.jfr,dbghelppath=C:\Users\MARO\AppData\Local\Temp\idea_dbghelp_dll_temp_folder1\dbghelp.dll,log=C:\Users\MARO\AppData\Local\Temp\EduNestApplication_2026_01_26_155804.jfr.log.txt,logLevel=DEBUG -Dfile.encoding=UTF-8 -Dsun.stdout.encoding=UTF-8 -Dsun.stderr.encoding=UTF-8 com.example.gradproj.EduNest.EduNestApplication

Host: AMD Ryzen 7 5800H with Radeon Graphics         , 16 cores, 15G,  Windows 11 , 64 bit Build 26100 (10.0.26100.7309)
Time: Mon Jan 26 15:58:05 2026 Egypt Standard Time elapsed time: 0.498578 seconds (0d 0h 0m 0s)

---------------  T H R E A D  ---------------

Current thread (0x0000023fbe15f4f0):  JavaThread "main"             [_thread_in_native, id=7620, stack(0x00000059acd00000,0x00000059ace00000) (1024K)]

Stack: [0x00000059acd00000,0x00000059ace00000],  sp=0x00000059acdfe950,  free space=1018k
Native frames: (J=compiled Java code, j=interpreted, Vv=VM code, C=native code)
C  [libasyncProfiler.dll+0x926c4]  (no source info available)
C  [libasyncProfiler.dll+0x92b9b]  (no source info available)
C  [libasyncProfiler.dll+0x917f4]  (no source info available)
C  [libasyncProfiler.dll+0x9206a]  (no source info available)
C  [libasyncProfiler.dll+0x8cc21]  (no source info available)
C  [libasyncProfiler.dll+0x7e5e1]  (no source info available)
C  [libasyncProfiler.dll+0x7d2f8]  (no source info available)
C  [libasyncProfiler.dll+0x7d1e0]  (no source info available)
C  [libasyncProfiler.dll+0x832fc]  (no source info available)
V  [jvm.dll+0x5e37ee]  (no source info available)
V  [jvm.dll+0x8862d6]  (no source info available)
V  [jvm.dll+0x495e7e]  (no source info available)
V  [jvm.dll+0x497c51]  (no source info available)
C  [jli.dll+0x52a1]  (no source info available)
C  [ucrtbase.dll+0x37b0]  (no source info available)
C  [KERNEL32.DLL+0x2e8d7]  (no source info available)
C  [ntdll.dll+0x8c53c]  (no source info available)


siginfo: EXCEPTION_ACCESS_VIOLATION (0xc0000005), reading address 0xffffffffffffffff


Registers:
RAX=0x0000000000000010, RBX=0x0000000000000000, RCX=0xffffffffffffffff, RDX=0x007ffd0bc8301010
RSP=0x00000059acdfe950, RBP=0x0000023fdfbb4de8, RSI=0x00000059acdfeac0, RDI=0x0000023fdfbb4de8
R8 =0x0000000000000042, R9 =0x0000000712001ed8, R10=0x00007ffd0bef9ff0, R11=0x0000000000000002
R12=0x00000059acdfeac0, R13=0x0000023fbc148410, R14=0x0000023fbe15f8b8, R15=0x0000023fbe15f8b8
RIP=0x00007ffd102e26c4, EFLAGS=0x0000000000010202

XMM[0]=0x0000000000000000 0x0000000000000000
XMM[1]=0x0000000000000000 0x0000000000000000
XMM[2]=0x0000000000000000 0x0000000000000000
XMM[3]=0x0000000000000000 0x0000000000000000
XMM[4]=0x0000000000000000 0x0000000000000000
XMM[5]=0x0000000000000000 0x0000000000000000
XMM[6]=0x0000000000000000 0x0000000000000000
XMM[7]=0x0000000000000000 0x0000000000000000
XMM[8]=0x0000000000000000 0x0000000000000000
XMM[9]=0x0000000000000000 0x0000000000000000
XMM[10]=0x0000000000000000 0x0000000000000000
XMM[11]=0x0000000000000000 0x0000000000000000
XMM[12]=0x0000000000000000 0x0000000000000000
XMM[13]=0x0000000000000000 0x0000000000000000
XMM[14]=0x0000000000000000 0x0000000000000000
XMM[15]=0x0000000000000000 0x0000000000000000
  MXCSR=0x00001fa0


Register to memory mapping:

RAX=0x0000000000000010 is an unknown value
RBX=0x0 is null
RCX=0xffffffffffffffff is an unknown value
RDX=0x007ffd0bc8301010 is an unknown value
RSP=0x00000059acdfe950 is pointing into the stack for thread: 0x0000023fbe15f4f0
RBP=0x0000023fdfbb4de8 points into unknown readable memory: 0x0000000712001ed8 | d8 1e 00 12 07 00 00 00
RSI=0x00000059acdfeac0 is pointing into the stack for thread: 0x0000023fbe15f4f0
RDI=0x0000023fdfbb4de8 points into unknown readable memory: 0x0000000712001ed8 | d8 1e 00 12 07 00 00 00
R8 =0x0000000000000042 is an unknown value
R9 =0x0000000712001ed8 is an oop: java.lang.Thread 
{0x0000000712001ed8} - klass: 'java/lang/Thread' - flags: 

 - ---- fields (total size 14 words):
 - 'threadLocalRandomProbe' 'I' @12  0 (0x00000000)
 - private volatile 'eetop' 'J' @16  2472795305200 (0x0000023fbe15f4f0)
 - private final 'tid' 'J' @24  3 (0x0000000000000003)
 - 'threadLocalRandomSeed' 'J' @32  0 (0x0000000000000000)
 - injected 'jvmti_thread_state' 'J' @40  2473351648656 (0x0000023fdf3f1590)
 - 'threadLocalRandomSecondarySeed' 'I' @48  0 (0x00000000)
 - injected 'jvmti_VTMS_transition_disable_count' 'I' @52  0 (0x00000000)
 - injected 'jfr_epoch' 'S' @56  0 (0x0000)
 - volatile 'interrupted' 'Z' @58  false (0x00)
 - injected 'jvmti_is_in_VTMS_transition' 'Z' @59  false (0x00)
 - private volatile 'name' 'Ljava/lang/String;' @60  "main"{0x0000000712001f48} (0xe24003e9)
 - private volatile 'contextClassLoader' 'Ljava/lang/ClassLoader;' @64  a 'jdk/internal/loader/ClassLoaders$AppClassLoader'{0x0000000712040a28} (0xe2408145)
 - private final 'holder' 'Ljava/lang/Thread$FieldHolder;' @68  a 'java/lang/Thread$FieldHolder'{0x0000000712001f88} (0xe24003f1)
 - 'threadLocals' 'Ljava/lang/ThreadLocal$ThreadLocalMap;' @72  a 'java/lang/ThreadLocal$ThreadLocalMap'{0x0000000711e68b70} (0xe23cd16e)
 - 'inheritableThreadLocals' 'Ljava/lang/ThreadLocal$ThreadLocalMap;' @76  null (0x00000000)
 - private 'scopedValueBindings' 'Ljava/lang/Object;' @80  a 'java/lang/Class'{0x00000007ffe7c8c0} = 'java/lang/Thread' (0xfffcf918)
 - final 'interruptLock' 'Ljava/lang/Object;' @84  a 'java/lang/Object'{0x0000000712001f78} (0xe24003ef)
 - private volatile 'parkBlocker' 'Ljava/lang/Object;' @88  null (0x00000000)
 - private 'nioBlocker' 'Lsun/nio/ch/Interruptible;' @92  null (0x00000000)
 - private 'cont' 'Ljdk/internal/vm/Continuation;' @96  null (0x00000000)
 - private volatile 'uncaughtExceptionHandler' 'Ljava/lang/Thread$UncaughtExceptionHandler;' @100  null (0x00000000)
 - private 'container' 'Ljdk/internal/vm/ThreadContainer;' @104  null (0x00000000)
 - private volatile 'headStackableScopes' 'Ljdk/internal/vm/StackableScope;' @108  null (0x00000000)
R10=0x00007ffd0bef9ff0 jvm.dll
R11=0x0000000000000002 is an unknown value
R12=0x00000059acdfeac0 is pointing into the stack for thread: 0x0000023fbe15f4f0
R13=0x0000023fbc148410 points into unknown readable memory: 0x00007ffd0be6a510 | 10 a5 e6 0b fd 7f 00 00
R14=0x0000023fbe15f8b8 points into unknown readable memory: 0x00007ffd0be617b0 | b0 17 e6 0b fd 7f 00 00
R15=0x0000023fbe15f8b8 points into unknown readable memory: 0x00007ffd0be617b0 | b0 17 e6 0b fd 7f 00 00

Top of Stack: (sp=0x00000059acdfe950)
0x00000059acdfe950:   00000059acdfeac0 0000023fdfbb4de8   ....Y....M..?...
0x00000059acdfe960:   0000000000000000 0000023fbe15fc40   ........@...?...
0x00000059acdfe970:   000000000000001f 00007ffd102e2b9b   .........+......
0x00000059acdfe980:   0000000000000000 0000023fbe15f8b8   ............?...
0x00000059acdfe990:   00000059acdfea01 0000000000000000   ....Y...........
0x00000059acdfe9a0:   0000024025026830 00007ffd102e17f4   0h.%@...........
0x00000059acdfe9b0:   0000000000000000 000000000000001f   ................
0x00000059acdfe9c0:   0000000000000000 000000000000001f   ................
0x00000059acdfe9d0:   0000000900000003 0000024025fbaf40   ........@..%@...
0x00000059acdfe9e0:   0000024025026830 00000240250268ac   0h.%@....h.%@...
0x00000059acdfe9f0:   00000240250268d8 0000023f00000ac4   .h.%@.......?...
0x00000059acdfea00:   0000000000000000 0000000000000000   ................
0x00000059acdfea10:   0000000000000000 00007ffd0b6c5714   .........Wl.....
0x00000059acdfea20:   00007ffd10424ca0 0000000000004248   .LB.....HB......
0x00000059acdfea30:   00007ffd10424ca0 00000000ffffffff   .LB.............
0x00000059acdfea40:   0000000000000000 00007ffd102e206a   ........j ......
0x00000059acdfea50:   0000023fbe15f8b8 0000000000000000   ....?...........
0x00000059acdfea60:   00000059acdfeac9 0000023fbc148410   ....Y.......?...
0x00000059acdfea70:   0000024026fa6040 0000023fbc0f0000   @`.&@.......?...
0x00000059acdfea80:   0000024026fa6040 00007ffd601f7989   @`.&@....y.`....
0x00000059acdfea90:   0000023fbe15f8b8 00007ffd10424ca0   ....?....LB.....
0x00000059acdfeaa0:   00007ffd103cf0d8 00007ffd103cf0c8   ..<.......<.....
0x00000059acdfeab0:   0000000000000000 0000023fbe15f8b8   ............?...
0x00000059acdfeac0:   0000024025375530 0000024025375910   0U7%@....Y7%@...
0x00000059acdfead0:   0000024025375910 00007ffd10424ca0   .Y7%@....LB.....
0x00000059acdfeae0:   0000023fbe5ca6a8 00000059acdfec58   ..\.?...X...Y...
0x00000059acdfeaf0:   00000059acdfed90 0000000000008840   ....Y...@.......
0x00000059acdfeb00:   00007ffd10417080 00007ffd10424cf0   .pA......LB.....
0x00000059acdfeb10:   0000000000989680 0000000000989680   ................
0x00000059acdfeb20:   00000059acdfec30 00007ffd102dcc21   0...Y...!.-.....
0x00000059acdfeb30:   00007ffd10424ca0 00007ffd10424cf8   .LB......LB.....
0x00000059acdfeb40:   00007ffd00000000 003f6c1100000001   .............l?.

Instructions: (pc=0x00007ffd102e26c4)
  0x00007ffd102e25c4:   cc cc cc cc cc cc cc cc cc cc cc cc cc cc cc cc
  0x00007ffd102e25d4:   cc cc cc cc cc cc cc cc cc cc cc cc cc cc cc cc
  0x00007ffd102e25e4:   cc cc cc cc cc cc cc cc cc cc cc cc cc cc cc cc
  0x00007ffd102e25f4:   cc cc cc cc cc cc cc cc cc cc cc cc cc cc cc cc
  0x00007ffd102e2604:   cc cc cc cc cc cc cc cc cc cc cc cc cc cc cc cc
  0x00007ffd102e2614:   cc cc cc cc cc cc cc cc cc cc cc cc cc cc cc cc
  0x00007ffd102e2624:   cc cc cc cc cc cc cc cc cc cc cc cc cc cc cc cc
  0x00007ffd102e2634:   cc cc cc cc cc cc cc cc cc cc cc cc cc cc cc cc
  0x00007ffd102e2644:   cc cc cc cc cc cc cc cc cc cc cc cc 40 57 48 83
  0x00007ffd102e2654:   ec 20 48 8b f9 48 8b 0d 10 28 14 00 48 85 c9 74
  0x00007ffd102e2664:   20 48 8b 01 48 8d 54 24 38 41 b8 06 00 01 00 4c
  0x00007ffd102e2674:   8b 48 30 41 ff d1 85 c0 75 07 48 8b 4c 24 38 eb
  0x00007ffd102e2684:   02 33 c9 4c 8b 05 ea 28 14 00 48 89 5c 24 30 4d
  0x00007ffd102e2694:   85 c0 74 4a 48 8b 01 48 8b d7 4c 8b 88 28 03 00
  0x00007ffd102e26a4:   00 41 ff d1 48 85 c0 74 35 48 63 0d f8 e6 13 00
  0x00007ffd102e26b4:   48 8b 14 01 48 85 d2 74 15 48 63 05 fc e6 13 00
=>0x00007ffd102e26c4:   8b 04 10 48 8b 5c 24 30 48 83 c4 20 5f c3 b8 ff
  0x00007ffd102e26d4:   ff ff ff 48 8b 5c 24 30 48 83 c4 20 5f c3 80 3d
  0x00007ffd102e26e4:   9b 27 14 00 00 bb ff ff ff ff 74 20 4c 8b 0d 31
  0x00007ffd102e26f4:   24 14 00 4c 8d 44 24 38 48 8b 0d 15 24 14 00 48
  0x00007ffd102e2704:   8b d7 41 ff d1 85 c0 0f 44 5c 24 38 8b c3 48 8b
  0x00007ffd102e2714:   5c 24 30 48 83 c4 20 5f c3 cc cc cc cc cc cc cc
  0x00007ffd102e2724:   cc cc cc cc cc cc cc cc cc cc cc cc cc cc cc cc
  0x00007ffd102e2734:   cc cc cc cc cc cc cc cc cc cc cc cc cc cc cc cc
  0x00007ffd102e2744:   cc cc cc cc cc cc cc cc cc cc cc cc 48 89 54 24
  0x00007ffd102e2754:   10 53 55 56 57 41 56 41 57 48 83 ec 28 48 8b f2
  0x00007ffd102e2764:   4c 8b f1 48 89 4c 24 78 45 33 ff 44 89 7c 24 68
  0x00007ffd102e2774:   c7 44 24 60 01 00 00 00 48 8d 4c 24 68 e8 ed 42
  0x00007ffd102e2784:   f7 ff 8b d8 48 8d 4c 24 60 e8 e1 42 f7 ff 8b e8
  0x00007ffd102e2794:   49 8b ce e8 00 fc f6 ff 48 8b f8 90 8b c3 f0 0f
  0x00007ffd102e27a4:   b1 2f 74 04 f3 90 eb f4 4c 89 3e 4c 89 7e 08 4c
  0x00007ffd102e27b4:   89 7e 10 49 8b 6e 08 4d 8b 76 10 49 3b ee 0f 84


Stack slot to memory mapping:

stack at sp + 0 slots: 0x00000059acdfeac0 is pointing into the stack for thread: 0x0000023fbe15f4f0
stack at sp + 1 slots: 0x0000023fdfbb4de8 points into unknown readable memory: 0x0000000712001ed8 | d8 1e 00 12 07 00 00 00
stack at sp + 2 slots: 0x0 is null
stack at sp + 3 slots: 0x0000023fbe15fc40 points into unknown readable memory: 0x6e616c2e6176616a | 6a 61 76 61 2e 6c 61 6e
stack at sp + 4 slots: 0x000000000000001f is an unknown value
stack at sp + 5 slots: 0x00007ffd102e2b9b libasyncProfiler.dll
stack at sp + 6 slots: 0x0 is null
stack at sp + 7 slots: 0x0000023fbe15f8b8 points into unknown readable memory: 0x00007ffd0be617b0 | b0 17 e6 0b fd 7f 00 00

Lock stack of current Java thread (top to bottom):


---------------  P R O C E S S  ---------------

Threads class SMR info:
_java_thread_list=0x00000240253d60a0, length=20, elements={
0x0000023fbe15f4f0, 0x0000023fbe2e07c0, 0x0000023fbe2e0f00, 0x0000023fbe2e33c0,
0x0000023fbe2e4280, 0x0000023fdf35df40, 0x0000023fdf35fcb0, 0x0000023fdf373960,
0x0000023fdf383130, 0x0000023fdf381a80, 0x0000023fdf3838c0, 0x0000023fdf380b60,
0x0000023fdf3812f0, 0x0000023fdf3619f0, 0x0000023fdf360400, 0x0000023fdf362140,
0x0000023fdfbe4420, 0x0000023fdfbe5ad0, 0x0000023fdfbe4bb0, 0x0000023fdf35ee10
}

Java Threads: ( => current thread )
=>0x0000023fbe15f4f0 JavaThread "main"                              [_thread_in_native, id=7620, stack(0x00000059acd00000,0x00000059ace00000) (1024K)]
  0x0000023fbe2e07c0 JavaThread "Reference Handler"          daemon [_thread_blocked, id=24188, stack(0x00000059ad500000,0x00000059ad600000) (1024K)]
  0x0000023fbe2e0f00 JavaThread "Finalizer"                  daemon [_thread_blocked, id=15356, stack(0x00000059ad600000,0x00000059ad700000) (1024K)]
  0x0000023fbe2e33c0 JavaThread "Signal Dispatcher"          daemon [_thread_blocked, id=22952, stack(0x00000059ad700000,0x00000059ad800000) (1024K)]
  0x0000023fbe2e4280 JavaThread "Attach Listener"            daemon [_thread_blocked, id=21216, stack(0x00000059ad800000,0x00000059ad900000) (1024K)]
  0x0000023fdf35df40 JavaThread "Service Thread"             daemon [_thread_blocked, id=19476, stack(0x00000059ad900000,0x00000059ada00000) (1024K)]
  0x0000023fdf35fcb0 JavaThread "Monitor Deflation Thread"   daemon [_thread_blocked, id=21308, stack(0x00000059ada00000,0x00000059adb00000) (1024K)]
  0x0000023fdf373960 JavaThread "C2 CompilerThread0"         daemon [_thread_in_native, id=2548, stack(0x00000059adb00000,0x00000059adc00000) (1024K)]
  0x0000023fdf383130 JavaThread "C1 CompilerThread0"         daemon [_thread_blocked, id=7236, stack(0x00000059adc00000,0x00000059add00000) (1024K)]
  0x0000023fdf381a80 JavaThread "C1 CompilerThread1"         daemon [_thread_blocked, id=18596, stack(0x00000059add00000,0x00000059ade00000) (1024K)]
  0x0000023fdf3838c0 JavaThread "C1 CompilerThread2"         daemon [_thread_blocked, id=22512, stack(0x00000059ade00000,0x00000059adf00000) (1024K)]
  0x0000023fdf380b60 JavaThread "C1 CompilerThread3"         daemon [_thread_blocked, id=5684, stack(0x00000059adf00000,0x00000059ae000000) (1024K)]
  0x0000023fdf3812f0 JavaThread "C2 CompilerThread1"         daemon [_thread_blocked, id=17952, stack(0x00000059ae000000,0x00000059ae100000) (1024K)]
  0x0000023fdf3619f0 JavaThread "Common-Cleaner"             daemon [_thread_blocked, id=26928, stack(0x00000059ae100000,0x00000059ae200000) (1024K)]
  0x0000023fdf360400 JavaThread "Monitor Ctrl-Break"         daemon [_thread_in_native, id=25108, stack(0x00000059ae200000,0x00000059ae300000) (1024K)]
  0x0000023fdf362140 JavaThread "JFR Recorder Thread"        daemon [_thread_in_native, id=25036, stack(0x00000059ae300000,0x00000059ae400000) (1024K)]
  0x0000023fdfbe4420 JavaThread "C2 CompilerThread2"         daemon [_thread_blocked, id=27500, stack(0x00000059ae400000,0x00000059ae500000) (1024K)]
  0x0000023fdfbe5ad0 JavaThread "C2 CompilerThread3"         daemon [_thread_blocked, id=25648, stack(0x00000059ae500000,0x00000059ae600000) (1024K)]
  0x0000023fdfbe4bb0 JavaThread "C2 CompilerThread4"         daemon [_thread_blocked, id=8692, stack(0x00000059ae600000,0x00000059ae700000) (1024K)]
  0x0000023fdf35ee10 JavaThread "JFR Periodic Tasks"         daemon [_thread_blocked, id=2756, stack(0x00000059ae700000,0x00000059ae800000) (1024K)]
Total: 20

Other Threads:
  0x0000023fbe2cd6f0 VMThread "VM Thread"                           [id=28340, stack(0x00000059ad400000,0x00000059ad500000) (1024K)]
  0x0000023fbe2b5c10 WatcherThread "VM Periodic Task Thread"        [id=15756, stack(0x00000059ad300000,0x00000059ad400000) (1024K)]
  0x0000023fbe1c99e0 WorkerThread "GC Thread#0"                     [id=7084, stack(0x00000059ace00000,0x00000059acf00000) (1024K)]
  0x0000023fbe1de760 ConcurrentGCThread "G1 Main Marker"            [id=12052, stack(0x00000059acf00000,0x00000059ad000000) (1024K)]
  0x0000023fbe1e0390 WorkerThread "G1 Conc#0"                       [id=21488, stack(0x00000059ad000000,0x00000059ad100000) (1024K)]
  0x0000023fbe294f40 ConcurrentGCThread "G1 Refine#0"               [id=5284, stack(0x00000059ad100000,0x00000059ad200000) (1024K)]
  0x0000023fbe295960 ConcurrentGCThread "G1 Service"                [id=29088, stack(0x00000059ad200000,0x00000059ad300000) (1024K)]
Total: 7

Threads with active compile tasks:
C2 CompilerThread0  571 1493       4       jdk.jfr.internal.MetadataWriter::write (168 bytes)
Total: 1

VM state: not at safepoint (normal execution)

VM Mutex/Monitor currently owned by a thread: None

Heap address: 0x0000000702400000, size: 4060 MB, Compressed Oops mode: Zero based, Oop shift amount: 3

CDS archive(s) mapped at: [0x0000023fe0000000-0x0000023fe0d40000-0x0000023fe0d40000), size 13893632, SharedBaseAddress: 0x0000023fe0000000, ArchiveRelocationMode: 1.
Compressed class space mapped at: 0x0000023fe1000000-0x0000024021000000, reserved size: 1073741824
UseCompressedClassPointers 1, UseCompactObjectHeaders 0
Narrow klass pointer bits 32, Max shift 3
Narrow klass base: 0x0000023fe0000000, Narrow klass shift: 0
Encoding Range: [0x0000023fe0000000 - 0x00000240e0000000), (4294967296 bytes)
Klass Range:    [0x0000023fe0000000 - 0x0000024021000000), (1090519040 bytes)
Klass ID Range:  [8 - 1090519033) (1090519025)

GC Precious Log:
 CardTable entry size: 512
 Card Set container configuration: InlinePtr #cards 4 size 8 Array Of Cards #cards 16 size 48 Howl #buckets 8 coarsen threshold 3686 Howl Bitmap #cards 512 size 80 coarsen threshold 460 Card regions per heap region 1 cards per card region 4096
 CPUs: 16 total, 16 available
 Memory: 16236M
 Large Page Support: Disabled
 NUMA Support: Disabled
 Compressed Oops: Enabled (Zero based)
 Heap Region Size: 2M
 Heap Min Capacity: 8M
 Heap Initial Capacity: 254M
 Heap Max Capacity: 4060M
 Pre-touch: Disabled
 Parallel Workers: 13
 Concurrent Workers: 3
 Concurrent Refinement Workers: 13
 Periodic GC: Disabled

Heap:
 garbage-first heap   total reserved 4157440K, committed 262144K, used 25716K [0x0000000702400000, 0x0000000800000000)
  region size 2048K, 14 young (28672K), 0 survivors (0K)
 Metaspace       used 3655K, committed 3840K, reserved 1114112K
  class space    used 308K, committed 384K, reserved 1048576K

Heap Regions: E=young(eden), S=young(survivor), O=old, HS=humongous(starts), HC=humongous(continues), CS=collection set, F=free, TAMS=top-at-mark-start, PB=parsable bottom
|   0|0x0000000702400000, 0x0000000702400000, 0x0000000702600000|  0%| F|  |TAMS 0x0000000702400000| PB 0x0000000702400000| Untracked |  0
|   1|0x0000000702600000, 0x0000000702600000, 0x0000000702800000|  0%| F|  |TAMS 0x0000000702600000| PB 0x0000000702600000| Untracked |  0
|   2|0x0000000702800000, 0x0000000702800000, 0x0000000702a00000|  0%| F|  |TAMS 0x0000000702800000| PB 0x0000000702800000| Untracked |  0
|   3|0x0000000702a00000, 0x0000000702a00000, 0x0000000702c00000|  0%| F|  |TAMS 0x0000000702a00000| PB 0x0000000702a00000| Untracked |  0
|   4|0x0000000702c00000, 0x0000000702c00000, 0x0000000702e00000|  0%| F|  |TAMS 0x0000000702c00000| PB 0x0000000702c00000| Untracked |  0
|   5|0x0000000702e00000, 0x0000000702e00000, 0x0000000703000000|  0%| F|  |TAMS 0x0000000702e00000| PB 0x0000000702e00000| Untracked |  0
|   6|0x0000000703000000, 0x0000000703000000, 0x0000000703200000|  0%| F|  |TAMS 0x0000000703000000| PB 0x0000000703000000| Untracked |  0
|   7|0x0000000703200000, 0x0000000703200000, 0x0000000703400000|  0%| F|  |TAMS 0x0000000703200000| PB 0x0000000703200000| Untracked |  0
|   8|0x0000000703400000, 0x0000000703400000, 0x0000000703600000|  0%| F|  |TAMS 0x0000000703400000| PB 0x0000000703400000| Untracked |  0
|   9|0x0000000703600000, 0x0000000703600000, 0x0000000703800000|  0%| F|  |TAMS 0x0000000703600000| PB 0x0000000703600000| Untracked |  0
|  10|0x0000000703800000, 0x0000000703800000, 0x0000000703a00000|  0%| F|  |TAMS 0x0000000703800000| PB 0x0000000703800000| Untracked |  0
|  11|0x0000000703a00000, 0x0000000703a00000, 0x0000000703c00000|  0%| F|  |TAMS 0x0000000703a00000| PB 0x0000000703a00000| Untracked |  0
|  12|0x0000000703c00000, 0x0000000703c00000, 0x0000000703e00000|  0%| F|  |TAMS 0x0000000703c00000| PB 0x0000000703c00000| Untracked |  0
|  13|0x0000000703e00000, 0x0000000703e00000, 0x0000000704000000|  0%| F|  |TAMS 0x0000000703e00000| PB 0x0000000703e00000| Untracked |  0
|  14|0x0000000704000000, 0x0000000704000000, 0x0000000704200000|  0%| F|  |TAMS 0x0000000704000000| PB 0x0000000704000000| Untracked |  0
|  15|0x0000000704200000, 0x0000000704200000, 0x0000000704400000|  0%| F|  |TAMS 0x0000000704200000| PB 0x0000000704200000| Untracked |  0
|  16|0x0000000704400000, 0x0000000704400000, 0x0000000704600000|  0%| F|  |TAMS 0x0000000704400000| PB 0x0000000704400000| Untracked |  0
|  17|0x0000000704600000, 0x0000000704600000, 0x0000000704800000|  0%| F|  |TAMS 0x0000000704600000| PB 0x0000000704600000| Untracked |  0
|  18|0x0000000704800000, 0x0000000704800000, 0x0000000704a00000|  0%| F|  |TAMS 0x0000000704800000| PB 0x0000000704800000| Untracked |  0
|  19|0x0000000704a00000, 0x0000000704a00000, 0x0000000704c00000|  0%| F|  |TAMS 0x0000000704a00000| PB 0x0000000704a00000| Untracked |  0
|  20|0x0000000704c00000, 0x0000000704c00000, 0x0000000704e00000|  0%| F|  |TAMS 0x0000000704c00000| PB 0x0000000704c00000| Untracked |  0
|  21|0x0000000704e00000, 0x0000000704e00000, 0x0000000705000000|  0%| F|  |TAMS 0x0000000704e00000| PB 0x0000000704e00000| Untracked |  0
|  22|0x0000000705000000, 0x0000000705000000, 0x0000000705200000|  0%| F|  |TAMS 0x0000000705000000| PB 0x0000000705000000| Untracked |  0
|  23|0x0000000705200000, 0x0000000705200000, 0x0000000705400000|  0%| F|  |TAMS 0x0000000705200000| PB 0x0000000705200000| Untracked |  0
|  24|0x0000000705400000, 0x0000000705400000, 0x0000000705600000|  0%| F|  |TAMS 0x0000000705400000| PB 0x0000000705400000| Untracked |  0
|  25|0x0000000705600000, 0x0000000705600000, 0x0000000705800000|  0%| F|  |TAMS 0x0000000705600000| PB 0x0000000705600000| Untracked |  0
|  26|0x0000000705800000, 0x0000000705800000, 0x0000000705a00000|  0%| F|  |TAMS 0x0000000705800000| PB 0x0000000705800000| Untracked |  0
|  27|0x0000000705a00000, 0x0000000705a00000, 0x0000000705c00000|  0%| F|  |TAMS 0x0000000705a00000| PB 0x0000000705a00000| Untracked |  0
|  28|0x0000000705c00000, 0x0000000705c00000, 0x0000000705e00000|  0%| F|  |TAMS 0x0000000705c00000| PB 0x0000000705c00000| Untracked |  0
|  29|0x0000000705e00000, 0x0000000705e00000, 0x0000000706000000|  0%| F|  |TAMS 0x0000000705e00000| PB 0x0000000705e00000| Untracked |  0
|  30|0x0000000706000000, 0x0000000706000000, 0x0000000706200000|  0%| F|  |TAMS 0x0000000706000000| PB 0x0000000706000000| Untracked |  0
|  31|0x0000000706200000, 0x0000000706200000, 0x0000000706400000|  0%| F|  |TAMS 0x0000000706200000| PB 0x0000000706200000| Untracked |  0
|  32|0x0000000706400000, 0x0000000706400000, 0x0000000706600000|  0%| F|  |TAMS 0x0000000706400000| PB 0x0000000706400000| Untracked |  0
|  33|0x0000000706600000, 0x0000000706600000, 0x0000000706800000|  0%| F|  |TAMS 0x0000000706600000| PB 0x0000000706600000| Untracked |  0
|  34|0x0000000706800000, 0x0000000706800000, 0x0000000706a00000|  0%| F|  |TAMS 0x0000000706800000| PB 0x0000000706800000| Untracked |  0
|  35|0x0000000706a00000, 0x0000000706a00000, 0x0000000706c00000|  0%| F|  |TAMS 0x0000000706a00000| PB 0x0000000706a00000| Untracked |  0
|  36|0x0000000706c00000, 0x0000000706c00000, 0x0000000706e00000|  0%| F|  |TAMS 0x0000000706c00000| PB 0x0000000706c00000| Untracked |  0
|  37|0x0000000706e00000, 0x0000000706e00000, 0x0000000707000000|  0%| F|  |TAMS 0x0000000706e00000| PB 0x0000000706e00000| Untracked |  0
|  38|0x0000000707000000, 0x0000000707000000, 0x0000000707200000|  0%| F|  |TAMS 0x0000000707000000| PB 0x0000000707000000| Untracked |  0
|  39|0x0000000707200000, 0x0000000707200000, 0x0000000707400000|  0%| F|  |TAMS 0x0000000707200000| PB 0x0000000707200000| Untracked |  0
|  40|0x0000000707400000, 0x0000000707400000, 0x0000000707600000|  0%| F|  |TAMS 0x0000000707400000| PB 0x0000000707400000| Untracked |  0
|  41|0x0000000707600000, 0x0000000707600000, 0x0000000707800000|  0%| F|  |TAMS 0x0000000707600000| PB 0x0000000707600000| Untracked |  0
|  42|0x0000000707800000, 0x0000000707800000, 0x0000000707a00000|  0%| F|  |TAMS 0x0000000707800000| PB 0x0000000707800000| Untracked |  0
|  43|0x0000000707a00000, 0x0000000707a00000, 0x0000000707c00000|  0%| F|  |TAMS 0x0000000707a00000| PB 0x0000000707a00000| Untracked |  0
|  44|0x0000000707c00000, 0x0000000707c00000, 0x0000000707e00000|  0%| F|  |TAMS 0x0000000707c00000| PB 0x0000000707c00000| Untracked |  0
|  45|0x0000000707e00000, 0x0000000707e00000, 0x0000000708000000|  0%| F|  |TAMS 0x0000000707e00000| PB 0x0000000707e00000| Untracked |  0
|  46|0x0000000708000000, 0x0000000708000000, 0x0000000708200000|  0%| F|  |TAMS 0x0000000708000000| PB 0x0000000708000000| Untracked |  0
|  47|0x0000000708200000, 0x0000000708200000, 0x0000000708400000|  0%| F|  |TAMS 0x0000000708200000| PB 0x0000000708200000| Untracked |  0
|  48|0x0000000708400000, 0x0000000708400000, 0x0000000708600000|  0%| F|  |TAMS 0x0000000708400000| PB 0x0000000708400000| Untracked |  0
|  49|0x0000000708600000, 0x0000000708600000, 0x0000000708800000|  0%| F|  |TAMS 0x0000000708600000| PB 0x0000000708600000| Untracked |  0
|  50|0x0000000708800000, 0x0000000708800000, 0x0000000708a00000|  0%| F|  |TAMS 0x0000000708800000| PB 0x0000000708800000| Untracked |  0
|  51|0x0000000708a00000, 0x0000000708a00000, 0x0000000708c00000|  0%| F|  |TAMS 0x0000000708a00000| PB 0x0000000708a00000| Untracked |  0
|  52|0x0000000708c00000, 0x0000000708c00000, 0x0000000708e00000|  0%| F|  |TAMS 0x0000000708c00000| PB 0x0000000708c00000| Untracked |  0
|  53|0x0000000708e00000, 0x0000000708e00000, 0x0000000709000000|  0%| F|  |TAMS 0x0000000708e00000| PB 0x0000000708e00000| Untracked |  0
|  54|0x0000000709000000, 0x0000000709000000, 0x0000000709200000|  0%| F|  |TAMS 0x0000000709000000| PB 0x0000000709000000| Untracked |  0
|  55|0x0000000709200000, 0x0000000709200000, 0x0000000709400000|  0%| F|  |TAMS 0x0000000709200000| PB 0x0000000709200000| Untracked |  0
|  56|0x0000000709400000, 0x0000000709400000, 0x0000000709600000|  0%| F|  |TAMS 0x0000000709400000| PB 0x0000000709400000| Untracked |  0
|  57|0x0000000709600000, 0x0000000709600000, 0x0000000709800000|  0%| F|  |TAMS 0x0000000709600000| PB 0x0000000709600000| Untracked |  0
|  58|0x0000000709800000, 0x0000000709800000, 0x0000000709a00000|  0%| F|  |TAMS 0x0000000709800000| PB 0x0000000709800000| Untracked |  0
|  59|0x0000000709a00000, 0x0000000709a00000, 0x0000000709c00000|  0%| F|  |TAMS 0x0000000709a00000| PB 0x0000000709a00000| Untracked |  0
|  60|0x0000000709c00000, 0x0000000709c00000, 0x0000000709e00000|  0%| F|  |TAMS 0x0000000709c00000| PB 0x0000000709c00000| Untracked |  0
|  61|0x0000000709e00000, 0x0000000709e00000, 0x000000070a000000|  0%| F|  |TAMS 0x0000000709e00000| PB 0x0000000709e00000| Untracked |  0
|  62|0x000000070a000000, 0x000000070a000000, 0x000000070a200000|  0%| F|  |TAMS 0x000000070a000000| PB 0x000000070a000000| Untracked |  0
|  63|0x000000070a200000, 0x000000070a200000, 0x000000070a400000|  0%| F|  |TAMS 0x000000070a200000| PB 0x000000070a200000| Untracked |  0
|  64|0x000000070a400000, 0x000000070a400000, 0x000000070a600000|  0%| F|  |TAMS 0x000000070a400000| PB 0x000000070a400000| Untracked |  0
|  65|0x000000070a600000, 0x000000070a600000, 0x000000070a800000|  0%| F|  |TAMS 0x000000070a600000| PB 0x000000070a600000| Untracked |  0
|  66|0x000000070a800000, 0x000000070a800000, 0x000000070aa00000|  0%| F|  |TAMS 0x000000070a800000| PB 0x000000070a800000| Untracked |  0
|  67|0x000000070aa00000, 0x000000070aa00000, 0x000000070ac00000|  0%| F|  |TAMS 0x000000070aa00000| PB 0x000000070aa00000| Untracked |  0
|  68|0x000000070ac00000, 0x000000070ac00000, 0x000000070ae00000|  0%| F|  |TAMS 0x000000070ac00000| PB 0x000000070ac00000| Untracked |  0
|  69|0x000000070ae00000, 0x000000070ae00000, 0x000000070b000000|  0%| F|  |TAMS 0x000000070ae00000| PB 0x000000070ae00000| Untracked |  0
|  70|0x000000070b000000, 0x000000070b000000, 0x000000070b200000|  0%| F|  |TAMS 0x000000070b000000| PB 0x000000070b000000| Untracked |  0
|  71|0x000000070b200000, 0x000000070b200000, 0x000000070b400000|  0%| F|  |TAMS 0x000000070b200000| PB 0x000000070b200000| Untracked |  0
|  72|0x000000070b400000, 0x000000070b400000, 0x000000070b600000|  0%| F|  |TAMS 0x000000070b400000| PB 0x000000070b400000| Untracked |  0
|  73|0x000000070b600000, 0x000000070b600000, 0x000000070b800000|  0%| F|  |TAMS 0x000000070b600000| PB 0x000000070b600000| Untracked |  0
|  74|0x000000070b800000, 0x000000070b800000, 0x000000070ba00000|  0%| F|  |TAMS 0x000000070b800000| PB 0x000000070b800000| Untracked |  0
|  75|0x000000070ba00000, 0x000000070ba00000, 0x000000070bc00000|  0%| F|  |TAMS 0x000000070ba00000| PB 0x000000070ba00000| Untracked |  0
|  76|0x000000070bc00000, 0x000000070bc00000, 0x000000070be00000|  0%| F|  |TAMS 0x000000070bc00000| PB 0x000000070bc00000| Untracked |  0
|  77|0x000000070be00000, 0x000000070be00000, 0x000000070c000000|  0%| F|  |TAMS 0x000000070be00000| PB 0x000000070be00000| Untracked |  0
|  78|0x000000070c000000, 0x000000070c000000, 0x000000070c200000|  0%| F|  |TAMS 0x000000070c000000| PB 0x000000070c000000| Untracked |  0
|  79|0x000000070c200000, 0x000000070c200000, 0x000000070c400000|  0%| F|  |TAMS 0x000000070c200000| PB 0x000000070c200000| Untracked |  0
|  80|0x000000070c400000, 0x000000070c400000, 0x000000070c600000|  0%| F|  |TAMS 0x000000070c400000| PB 0x000000070c400000| Untracked |  0
|  81|0x000000070c600000, 0x000000070c600000, 0x000000070c800000|  0%| F|  |TAMS 0x000000070c600000| PB 0x000000070c600000| Untracked |  0
|  82|0x000000070c800000, 0x000000070c800000, 0x000000070ca00000|  0%| F|  |TAMS 0x000000070c800000| PB 0x000000070c800000| Untracked |  0
|  83|0x000000070ca00000, 0x000000070ca00000, 0x000000070cc00000|  0%| F|  |TAMS 0x000000070ca00000| PB 0x000000070ca00000| Untracked |  0
|  84|0x000000070cc00000, 0x000000070cc00000, 0x000000070ce00000|  0%| F|  |TAMS 0x000000070cc00000| PB 0x000000070cc00000| Untracked |  0
|  85|0x000000070ce00000, 0x000000070ce00000, 0x000000070d000000|  0%| F|  |TAMS 0x000000070ce00000| PB 0x000000070ce00000| Untracked |  0
|  86|0x000000070d000000, 0x000000070d000000, 0x000000070d200000|  0%| F|  |TAMS 0x000000070d000000| PB 0x000000070d000000| Untracked |  0
|  87|0x000000070d200000, 0x000000070d200000, 0x000000070d400000|  0%| F|  |TAMS 0x000000070d200000| PB 0x000000070d200000| Untracked |  0
|  88|0x000000070d400000, 0x000000070d400000, 0x000000070d600000|  0%| F|  |TAMS 0x000000070d400000| PB 0x000000070d400000| Untracked |  0
|  89|0x000000070d600000, 0x000000070d600000, 0x000000070d800000|  0%| F|  |TAMS 0x000000070d600000| PB 0x000000070d600000| Untracked |  0
|  90|0x000000070d800000, 0x000000070d800000, 0x000000070da00000|  0%| F|  |TAMS 0x000000070d800000| PB 0x000000070d800000| Untracked |  0
|  91|0x000000070da00000, 0x000000070da00000, 0x000000070dc00000|  0%| F|  |TAMS 0x000000070da00000| PB 0x000000070da00000| Untracked |  0
|  92|0x000000070dc00000, 0x000000070dc00000, 0x000000070de00000|  0%| F|  |TAMS 0x000000070dc00000| PB 0x000000070dc00000| Untracked |  0
|  93|0x000000070de00000, 0x000000070de00000, 0x000000070e000000|  0%| F|  |TAMS 0x000000070de00000| PB 0x000000070de00000| Untracked |  0
|  94|0x000000070e000000, 0x000000070e000000, 0x000000070e200000|  0%| F|  |TAMS 0x000000070e000000| PB 0x000000070e000000| Untracked |  0
|  95|0x000000070e200000, 0x000000070e200000, 0x000000070e400000|  0%| F|  |TAMS 0x000000070e200000| PB 0x000000070e200000| Untracked |  0
|  96|0x000000070e400000, 0x000000070e400000, 0x000000070e600000|  0%| F|  |TAMS 0x000000070e400000| PB 0x000000070e400000| Untracked |  0
|  97|0x000000070e600000, 0x000000070e600000, 0x000000070e800000|  0%| F|  |TAMS 0x000000070e600000| PB 0x000000070e600000| Untracked |  0
|  98|0x000000070e800000, 0x000000070e800000, 0x000000070ea00000|  0%| F|  |TAMS 0x000000070e800000| PB 0x000000070e800000| Untracked |  0
|  99|0x000000070ea00000, 0x000000070ea00000, 0x000000070ec00000|  0%| F|  |TAMS 0x000000070ea00000| PB 0x000000070ea00000| Untracked |  0
| 100|0x000000070ec00000, 0x000000070ec00000, 0x000000070ee00000|  0%| F|  |TAMS 0x000000070ec00000| PB 0x000000070ec00000| Untracked |  0
| 101|0x000000070ee00000, 0x000000070ee00000, 0x000000070f000000|  0%| F|  |TAMS 0x000000070ee00000| PB 0x000000070ee00000| Untracked |  0
| 102|0x000000070f000000, 0x000000070f000000, 0x000000070f200000|  0%| F|  |TAMS 0x000000070f000000| PB 0x000000070f000000| Untracked |  0
| 103|0x000000070f200000, 0x000000070f200000, 0x000000070f400000|  0%| F|  |TAMS 0x000000070f200000| PB 0x000000070f200000| Untracked |  0
| 104|0x000000070f400000, 0x000000070f400000, 0x000000070f600000|  0%| F|  |TAMS 0x000000070f400000| PB 0x000000070f400000| Untracked |  0
| 105|0x000000070f600000, 0x000000070f600000, 0x000000070f800000|  0%| F|  |TAMS 0x000000070f600000| PB 0x000000070f600000| Untracked |  0
| 106|0x000000070f800000, 0x000000070f800000, 0x000000070fa00000|  0%| F|  |TAMS 0x000000070f800000| PB 0x000000070f800000| Untracked |  0
| 107|0x000000070fa00000, 0x000000070fa00000, 0x000000070fc00000|  0%| F|  |TAMS 0x000000070fa00000| PB 0x000000070fa00000| Untracked |  0
| 108|0x000000070fc00000, 0x000000070fc00000, 0x000000070fe00000|  0%| F|  |TAMS 0x000000070fc00000| PB 0x000000070fc00000| Untracked |  0
| 109|0x000000070fe00000, 0x000000070fe00000, 0x0000000710000000|  0%| F|  |TAMS 0x000000070fe00000| PB 0x000000070fe00000| Untracked |  0
| 110|0x0000000710000000, 0x0000000710000000, 0x0000000710200000|  0%| F|  |TAMS 0x0000000710000000| PB 0x0000000710000000| Untracked |  0
| 111|0x0000000710200000, 0x0000000710200000, 0x0000000710400000|  0%| F|  |TAMS 0x0000000710200000| PB 0x0000000710200000| Untracked |  0
| 112|0x0000000710400000, 0x0000000710400000, 0x0000000710600000|  0%| F|  |TAMS 0x0000000710400000| PB 0x0000000710400000| Untracked |  0
| 113|0x0000000710600000, 0x000000071071cd58, 0x0000000710800000| 55%| E|  |TAMS 0x0000000710600000| PB 0x0000000710600000| Complete |  0
| 114|0x0000000710800000, 0x0000000710a00000, 0x0000000710a00000|100%| E|  |TAMS 0x0000000710800000| PB 0x0000000710800000| Complete |  0
| 115|0x0000000710a00000, 0x0000000710c00000, 0x0000000710c00000|100%| E|CS|TAMS 0x0000000710a00000| PB 0x0000000710a00000| Complete |  0
| 116|0x0000000710c00000, 0x0000000710e00000, 0x0000000710e00000|100%| E|CS|TAMS 0x0000000710c00000| PB 0x0000000710c00000| Complete |  0
| 117|0x0000000710e00000, 0x0000000711000000, 0x0000000711000000|100%| E|CS|TAMS 0x0000000710e00000| PB 0x0000000710e00000| Complete |  0
| 118|0x0000000711000000, 0x0000000711200000, 0x0000000711200000|100%| E|CS|TAMS 0x0000000711000000| PB 0x0000000711000000| Complete |  0
| 119|0x0000000711200000, 0x0000000711400000, 0x0000000711400000|100%| E|CS|TAMS 0x0000000711200000| PB 0x0000000711200000| Complete |  0
| 120|0x0000000711400000, 0x0000000711600000, 0x0000000711600000|100%| E|CS|TAMS 0x0000000711400000| PB 0x0000000711400000| Complete |  0
| 121|0x0000000711600000, 0x0000000711800000, 0x0000000711800000|100%| E|CS|TAMS 0x0000000711600000| PB 0x0000000711600000| Complete |  0
| 122|0x0000000711800000, 0x0000000711a00000, 0x0000000711a00000|100%| E|CS|TAMS 0x0000000711800000| PB 0x0000000711800000| Complete |  0
| 123|0x0000000711a00000, 0x0000000711c00000, 0x0000000711c00000|100%| E|CS|TAMS 0x0000000711a00000| PB 0x0000000711a00000| Complete |  0
| 124|0x0000000711c00000, 0x0000000711e00000, 0x0000000711e00000|100%| E|CS|TAMS 0x0000000711c00000| PB 0x0000000711c00000| Complete |  0
| 125|0x0000000711e00000, 0x0000000712000000, 0x0000000712000000|100%| E|CS|TAMS 0x0000000711e00000| PB 0x0000000711e00000| Complete |  0
| 126|0x0000000712000000, 0x0000000712200000, 0x0000000712200000|100%| E|CS|TAMS 0x0000000712000000| PB 0x0000000712000000| Complete |  0
|2029|0x00000007ffe00000, 0x00000007fff1d248, 0x0000000800000000| 55%| O|  |TAMS 0x00000007ffe00000| PB 0x00000007ffe00000| Untracked |  0

Card table byte_map: [0x0000023fd7c20000,0x0000023fd8410000] _byte_map_base: 0x0000023fd440e000

Marking Bits: (CMBitMap*) 0x0000023fbe1ca0f0
 Bits: [0x0000023fd8410000, 0x0000023fdc380000)

Polling page: 0x0000023fbc7a0000

Metaspace:

Usage:
  Non-class:      3.27 MB used.
      Class:    308.59 KB used.
       Both:      3.57 MB used.

Virtual space:
  Non-class space:       64.00 MB reserved,       3.38 MB (  5%) committed,  1 nodes.
      Class space:        1.00 GB reserved,     384.00 KB ( <1%) committed,  1 nodes.
             Both:        1.06 GB reserved,       3.75 MB ( <1%) committed. 

Chunk freelists:
   Non-Class:  11.92 MB
       Class:  15.59 MB
        Both:  27.51 MB

MaxMetaspaceSize: unlimited
CompressedClassSpaceSize: 1.00 GB
Initial GC threshold: 21.00 MB
Current GC threshold: 21.00 MB
CDS: on
 - commit_granule_bytes: 65536.
 - commit_granule_words: 8192.
 - virtual_space_node_default_size: 8388608.
 - enlarge_chunks_in_place: 1.
UseCompressedClassPointers 1, UseCompactObjectHeaders 0
Narrow klass pointer bits 32, Max shift 3
Narrow klass base: 0x0000023fe0000000, Narrow klass shift: 0
Encoding Range: [0x0000023fe0000000 - 0x00000240e0000000), (4294967296 bytes)
Klass Range:    [0x0000023fe0000000 - 0x0000024021000000), (1090519040 bytes)
Klass ID Range:  [8 - 1090519033) (1090519025)


Internal statistics:

num_allocs_failed_limit: 0.
num_arena_births: 70.
num_arena_deaths: 0.
num_vsnodes_births: 2.
num_vsnodes_deaths: 0.
num_space_committed: 60.
num_space_uncommitted: 0.
num_chunks_returned_to_freelist: 0.
num_chunks_taken_from_freelist: 75.
num_chunk_merges: 0.
num_chunk_splits: 53.
num_chunks_enlarged: 34.
num_inconsistent_stats: 0.

CodeHeap 'non-profiled nmethods': size=119232Kb used=483Kb max_used=483Kb free=118748Kb
 bounds [0x0000023fcf1d0000, 0x0000023fcf440000, 0x0000023fd6640000]
CodeHeap 'profiled nmethods': size=119104Kb used=2185Kb max_used=2185Kb free=116918Kb
 bounds [0x0000023fc7640000, 0x0000023fc78b0000, 0x0000023fcea90000]
CodeHeap 'non-nmethods': size=7424Kb used=2969Kb max_used=3034Kb free=4455Kb
 bounds [0x0000023fcea90000, 0x0000023fceda0000, 0x0000023fcf1d0000]
CodeCache: size=245760Kb, used=5637Kb, max_used=5702Kb, free=240121Kb
 total_blobs=1976, nmethods=1525, adapters=354, full_count=0
Compilation: enabled, stopped_count=0, restarted_count=0

Compilation events (20 events):
Event: 0.443 Thread 0x0000023fdf3838c0 1524       1       jdk.jfr.internal.periodic.PeriodicTask::getPeriod (5 bytes)
Event: 0.443 Thread 0x0000023fdf383130 1525       3       java.util.Comparator$$Lambda/0x0000023fe1074f50::compare (10 bytes)
Event: 0.443 Thread 0x0000023fdf380b60 nmethod 1523 0x0000023fcf241208 code [0x0000023fcf241300, 0x0000023fcf2413c8]
Event: 0.444 Thread 0x0000023fdf381a80 1526       3       java.util.Comparator::lambda$comparingLong$6043328a$1 (18 bytes)
Event: 0.444 Thread 0x0000023fdf3838c0 nmethod 1524 0x0000023fcf241508 code [0x0000023fcf241600, 0x0000023fcf2416c8]
Event: 0.444 Thread 0x0000023fdf383130 nmethod 1525 0x0000023fc7861508 code [0x0000023fc7861660, 0x0000023fc7861af0]
Event: 0.444 Thread 0x0000023fdf381a80 nmethod 1526 0x0000023fc7861b88 code [0x0000023fc7861ce0, 0x0000023fc78620d8]
Event: 0.444 Thread 0x0000023fdf3838c0 1527       3       jdk.internal.classfile.impl.BufWriterImpl::grow (33 bytes)
Event: 0.444 Thread 0x0000023fdf3838c0 nmethod 1527 0x0000023fc7862108 code [0x0000023fc7862240, 0x0000023fc7862490]
Event: 0.445 Thread 0x0000023fdfbe4bb0 1504       4       java.lang.StringLatin1::indexOf (121 bytes)
Event: 0.447 Thread 0x0000023fdf3812f0 nmethod 1492 0x0000023fcf241808 code [0x0000023fcf241980, 0x0000023fcf2421a0]
Event: 0.447 Thread 0x0000023fdf3812f0 1466       4       java.lang.StringLatin1::writeDigitPair (21 bytes)
Event: 0.448 Thread 0x0000023fdf3812f0 nmethod 1466 0x0000023fcf242208 code [0x0000023fcf242320, 0x0000023fcf242458]
Event: 0.448 Thread 0x0000023fdf3812f0 1460       4       java.util.Collections$UnmodifiableCollection$1::next (10 bytes)
Event: 0.450 Thread 0x0000023fdf3812f0 nmethod 1460 0x0000023fcf242508 code [0x0000023fcf242620, 0x0000023fcf242810]
Event: 0.450 Thread 0x0000023fdf3812f0 1506       4       java.util.LinkedHashMap::linkNodeAtEnd (76 bytes)
Event: 0.451 Thread 0x0000023fdf3812f0 nmethod 1506 0x0000023fcf242888 code [0x0000023fcf2429a0, 0x0000023fcf242ec8]
Event: 0.453 Thread 0x0000023fdfbe4bb0 nmethod 1504 0x0000023fcf242f08 code [0x0000023fcf243020, 0x0000023fcf243550]
Event: 0.454 Thread 0x0000023fdfbe5ad0 nmethod 1478 0x0000023fcf243588 code [0x0000023fcf2437e0, 0x0000023fcf244728]
Event: 0.468 Thread 0x0000023fdfbe4420 nmethod 1490 0x0000023fcf244808 code [0x0000023fcf244b20, 0x0000023fcf248c98]

GC Heap History (0 events):
No events

Dll operation events (9 events):
Event: 0.015 Loaded shared library C:\Program Files\Java\jdk-24\bin\java.dll
Event: 0.037 Loaded shared library C:\Program Files\Java\jdk-24\bin\jsvml.dll
Event: 0.110 Loaded shared library C:\Program Files\Java\jdk-24\bin\zip.dll
Event: 0.113 Loaded shared library C:\Program Files\Java\jdk-24\bin\instrument.dll
Event: 0.118 Loaded shared library C:\Program Files\Java\jdk-24\bin\net.dll
Event: 0.119 Loaded shared library C:\Program Files\Java\jdk-24\bin\nio.dll
Event: 0.122 Loaded shared library C:\Program Files\Java\jdk-24\bin\zip.dll
Event: 0.228 Loaded shared library C:\Program Files\Java\jdk-24\bin\extnet.dll
Event: 0.266 Loaded shared library C:\Program Files\Java\jdk-24\bin\jimage.dll

Deoptimization events (20 events):
Event: 0.400 Thread 0x0000023fbe15f4f0 Uncommon trap: trap_request=0xffffffde fr.pc=0x0000023fcf219a20 relative=0x00000000000003c0
Event: 0.400 Thread 0x0000023fbe15f4f0 Uncommon trap: reason=class_check action=maybe_recompile pc=0x0000023fcf219a20 method=java.util.HashMap.getNode(Ljava/lang/Object;)Ljava/util/HashMap$Node; @ 128 c2
Event: 0.400 Thread 0x0000023fbe15f4f0 DEOPT PACKING pc=0x0000023fcf219a20 sp=0x00000059acdfdea0
Event: 0.400 Thread 0x0000023fbe15f4f0 DEOPT UNPACKING pc=0x0000023fceba5882 sp=0x00000059acdfde28 mode 2
Event: 0.414 Thread 0x0000023fbe15f4f0 Uncommon trap: trap_request=0xffffffd6 fr.pc=0x0000023fcf23261c relative=0x00000000000006bc
Event: 0.414 Thread 0x0000023fbe15f4f0 Uncommon trap: reason=array_check action=maybe_recompile pc=0x0000023fcf23261c method=jdk.internal.classfile.impl.SplitConstantPool.internalAdd(Ljava/lang/classfile/constantpool/PoolEntry;I)Ljava/lang/classfile/constantpool/PoolEntry; @ 46 c2
Event: 0.414 Thread 0x0000023fbe15f4f0 DEOPT PACKING pc=0x0000023fcf23261c sp=0x00000059acdfd310
Event: 0.414 Thread 0x0000023fbe15f4f0 DEOPT UNPACKING pc=0x0000023fceba5882 sp=0x00000059acdfd2c0 mode 2
Event: 0.414 Thread 0x0000023fbe15f4f0 Uncommon trap: trap_request=0xffffffd6 fr.pc=0x0000023fcf23261c relative=0x00000000000006bc
Event: 0.414 Thread 0x0000023fbe15f4f0 Uncommon trap: reason=array_check action=maybe_recompile pc=0x0000023fcf23261c method=jdk.internal.classfile.impl.SplitConstantPool.internalAdd(Ljava/lang/classfile/constantpool/PoolEntry;I)Ljava/lang/classfile/constantpool/PoolEntry; @ 46 c2
Event: 0.414 Thread 0x0000023fbe15f4f0 DEOPT PACKING pc=0x0000023fcf23261c sp=0x00000059acdfd310
Event: 0.414 Thread 0x0000023fbe15f4f0 DEOPT UNPACKING pc=0x0000023fceba5882 sp=0x00000059acdfd2c0 mode 2
Event: 0.414 Thread 0x0000023fbe15f4f0 Uncommon trap: trap_request=0xffffffd6 fr.pc=0x0000023fcf23261c relative=0x00000000000006bc
Event: 0.414 Thread 0x0000023fbe15f4f0 Uncommon trap: reason=array_check action=maybe_recompile pc=0x0000023fcf23261c method=jdk.internal.classfile.impl.SplitConstantPool.internalAdd(Ljava/lang/classfile/constantpool/PoolEntry;I)Ljava/lang/classfile/constantpool/PoolEntry; @ 46 c2
Event: 0.414 Thread 0x0000023fbe15f4f0 DEOPT PACKING pc=0x0000023fcf23261c sp=0x00000059acdfd180
Event: 0.414 Thread 0x0000023fbe15f4f0 DEOPT UNPACKING pc=0x0000023fceba5882 sp=0x00000059acdfd130 mode 2
Event: 0.415 Thread 0x0000023fbe15f4f0 Uncommon trap: trap_request=0xffffffd6 fr.pc=0x0000023fcf23261c relative=0x00000000000006bc
Event: 0.415 Thread 0x0000023fbe15f4f0 Uncommon trap: reason=array_check action=maybe_recompile pc=0x0000023fcf23261c method=jdk.internal.classfile.impl.SplitConstantPool.internalAdd(Ljava/lang/classfile/constantpool/PoolEntry;I)Ljava/lang/classfile/constantpool/PoolEntry; @ 46 c2
Event: 0.415 Thread 0x0000023fbe15f4f0 DEOPT PACKING pc=0x0000023fcf23261c sp=0x00000059acdfd160
Event: 0.415 Thread 0x0000023fbe15f4f0 DEOPT UNPACKING pc=0x0000023fceba5882 sp=0x00000059acdfd110 mode 2

Classes loaded (20 events):
Event: 0.421 Loading class jdk/jfr/internal/MetadataWriter
Event: 0.421 Loading class jdk/jfr/internal/MetadataWriter done
Event: 0.421 Loading class jdk/jfr/internal/MetadataDescriptor$Element
Event: 0.421 Loading class jdk/jfr/internal/MetadataDescriptor$Element done
Event: 0.421 Loading class jdk/jfr/internal/MetadataDescriptor$Attribute
Event: 0.421 Loading class jdk/jfr/internal/MetadataDescriptor$Attribute done
Event: 0.427 Loading class jdk/jfr/internal/consumer/StringParser$Encoding
Event: 0.427 Loading class jdk/jfr/internal/consumer/StringParser$Encoding done
Event: 0.434 Loading class jdk/jfr/internal/consumer/RepositoryFiles
Event: 0.434 Loading class jdk/jfr/internal/consumer/RepositoryFiles done
Event: 0.436 Loading class jdk/jfr/internal/SettingsManager$InternalSetting
Event: 0.436 Loading class jdk/jfr/internal/SettingsManager$InternalSetting done
Event: 0.438 Loading class jdk/jfr/internal/util/Rate
Event: 0.438 Loading class jdk/jfr/internal/util/Rate done
Event: 0.438 Loading class jdk/jfr/internal/util/TimespanUnit
Event: 0.438 Loading class jdk/jfr/internal/util/TimespanUnit done
Event: 0.438 Loading class jdk/jfr/internal/util/ValueParser
Event: 0.438 Loading class jdk/jfr/internal/util/ValueParser done
Event: 0.440 Loading class jdk/jfr/internal/periodic/PeriodicType
Event: 0.440 Loading class jdk/jfr/internal/periodic/PeriodicType done

Classes unloaded (0 events):
No events

Classes redefined (0 events):
No events

Internal exceptions (19 events):
Event: 0.213 Thread 0x0000023fbe15f4f0 Exception <a 'java/lang/NoSuchMethodError'{0x000000071161b028}: 'void java.lang.invoke.DirectMethodHandle$Holder.invokeStatic(java.lang.Object, java.lang.Object, java.lang.Object)'> (0x000000071161b028) 
thrown [s\open\src\hotspot\share\interpreter\linkResolver.cpp, line 805]
Event: 0.218 Thread 0x0000023fbe15f4f0 Exception <a 'java/lang/NoSuchMethodError'{0x000000071164fbe8}: 'java.lang.Object java.lang.invoke.Invokers$Holder.invokeExact_MT(java.lang.Object, java.lang.Object, java.lang.Object, java.lang.Object, java.lang.Object)'> (0x000000071164fbe8) 
thrown [s\open\src\hotspot\share\interpreter\linkResolver.cpp, line 805]
Event: 0.226 Thread 0x0000023fbe15f4f0 Exception <a 'java/lang/NoSuchMethodError'{0x0000000711660e28}: 'java.lang.Object java.lang.invoke.DirectMethodHandle$Holder.invokeStaticInit(java.lang.Object, java.lang.Object, java.lang.Object)'> (0x0000000711660e28) 
thrown [s\open\src\hotspot\share\interpreter\linkResolver.cpp, line 805]
Event: 0.227 Thread 0x0000023fdf360400 Exception <a 'java/lang/NoSuchMethodError'{0x00000007116fe270}: 'java.lang.Object java.lang.invoke.DirectMethodHandle$Holder.invokeStaticInit(java.lang.Object)'> (0x00000007116fe270) 
thrown [s\open\src\hotspot\share\interpreter\linkResolver.cpp, line 805]
Event: 0.230 Thread 0x0000023fdf360400 Exception <a 'java/lang/NoSuchMethodError'{0x0000000711708e78}: 'void java.lang.invoke.DirectMethodHandle$Holder.invokeStatic(java.lang.Object, java.lang.Object)'> (0x0000000711708e78) 
thrown [s\open\src\hotspot\share\interpreter\linkResolver.cpp, line 805]
Event: 0.272 Thread 0x0000023fbe15f4f0 Exception <a 'java/lang/NoSuchMethodError'{0x000000071152dc90}: 'java.lang.Object java.lang.invoke.DirectMethodHandle$Holder.invokeStatic(java.lang.Object, int, java.lang.Object)'> (0x000000071152dc90) 
thrown [s\open\src\hotspot\share\interpreter\linkResolver.cpp, line 805]
Event: 0.282 Thread 0x0000023fbe15f4f0 Exception <a 'java/lang/NoSuchMethodError'{0x00000007115668a0}: 'void java.lang.invoke.DirectMethodHandle$Holder.invokeStaticInit(java.lang.Object)'> (0x00000007115668a0) 
thrown [s\open\src\hotspot\share\interpreter\linkResolver.cpp, line 805]
Event: 0.293 Thread 0x0000023fbe15f4f0 Exception <a 'java/lang/NoSuchMethodError'{0x00000007115d7958}: 'void java.lang.invoke.DirectMethodHandle$Holder.invokeSpecial(java.lang.Object, java.lang.Object, java.lang.Object)'> (0x00000007115d7958) 
thrown [s\open\src\hotspot\share\interpreter\linkResolver.cpp, line 805]
Event: 0.302 Thread 0x0000023fbe15f4f0 Exception <a 'java/lang/NoSuchMethodError'{0x000000071123f418}: 'java.lang.Object java.lang.invoke.DirectMethodHandle$Holder.newInvokeSpecial(java.lang.Object, java.lang.Object, java.lang.Object, java.lang.Object, java.lang.Object)'> (0x000000071123f418) 
thrown [s\open\src\hotspot\share\interpreter\linkResolver.cpp, line 805]
Event: 0.330 Thread 0x0000023fbe15f4f0 Exception <a 'java/lang/NoSuchMethodError'{0x00000007113d5b90}: 'long java.lang.invoke.DirectMethodHandle$Holder.invokeVirtual(java.lang.Object, java.lang.Object)'> (0x00000007113d5b90) 
thrown [s\open\src\hotspot\share\interpreter\linkResolver.cpp, line 805]
Event: 0.371 Thread 0x0000023fbe15f4f0 Exception <a 'java/lang/NoSuchMethodError'{0x0000000710c2bb68}: 'int java.lang.invoke.DirectMethodHandle$Holder.invokeSpecial(java.lang.Object, java.lang.Object, java.lang.Object)'> (0x0000000710c2bb68) 
thrown [s\open\src\hotspot\share\interpreter\linkResolver.cpp, line 805]
Event: 0.406 Thread 0x0000023fbe15f4f0 Exception <a 'java/lang/NoSuchMethodError'{0x0000000710dfb808}: 'void java.lang.invoke.DirectMethodHandle$Holder.invokeSpecial(java.lang.Object, java.lang.Object, int)'> (0x0000000710dfb808) 
thrown [s\open\src\hotspot\share\interpreter\linkResolver.cpp, line 805]
Event: 0.406 Thread 0x0000023fbe15f4f0 Exception <a 'java/lang/NoSuchMethodError'{0x0000000710a06740}: 'void java.lang.invoke.Invokers$Holder.invokeExact_MT(java.lang.Object, int, java.lang.Object)'> (0x0000000710a06740) 
thrown [s\open\src\hotspot\share\interpreter\linkResolver.cpp, line 805]
Event: 0.408 Thread 0x0000023fbe15f4f0 Exception <a 'java/lang/NoSuchMethodError'{0x0000000710a20ff0}: 'void java.lang.invoke.DirectMethodHandle$Holder.invokeStatic(java.lang.Object, java.lang.Object, int)'> (0x0000000710a20ff0) 
thrown [s\open\src\hotspot\share\interpreter\linkResolver.cpp, line 805]
Event: 0.408 Thread 0x0000023fbe15f4f0 Exception <a 'java/lang/NoSuchMethodError'{0x0000000710a300e0}: 'java.lang.Object java.lang.invoke.DirectMethodHandle$Holder.newInvokeSpecial(java.lang.Object, java.lang.Object, int)'> (0x0000000710a300e0) 
thrown [s\open\src\hotspot\share\interpreter\linkResolver.cpp, line 805]
Event: 0.409 Thread 0x0000023fdf35ee10 Exception <a 'java/lang/NoSuchMethodError'{0x0000000710afaf60}: 'long java.lang.invoke.DirectMethodHandle$Holder.invokeSpecial(java.lang.Object, java.lang.Object)'> (0x0000000710afaf60) 
thrown [s\open\src\hotspot\share\interpreter\linkResolver.cpp, line 805]
Event: 0.413 Thread 0x0000023fbe15f4f0 Exception <a 'sun/nio/fs/WindowsException'{0x0000000710a651f0}> (0x0000000710a651f0) 
thrown [s\open\src\hotspot\share\prims\jni.cpp, line 518]
Event: 0.415 Thread 0x0000023fbe15f4f0 Exception <a 'sun/nio/fs/WindowsException'{0x0000000710a720a8}> (0x0000000710a720a8) 
thrown [s\open\src\hotspot\share\prims\jni.cpp, line 518]
Event: 0.418 Thread 0x0000023fbe15f4f0 Exception <a 'sun/nio/fs/WindowsException'{0x0000000710a83e30}> (0x0000000710a83e30) 
thrown [s\open\src\hotspot\share\prims\jni.cpp, line 518]

VM Operations (6 events):
Event: 0.410 Executing VM operation: HandshakeAllThreads (Deoptimize)
Event: 0.410 Executing VM operation: HandshakeAllThreads (Deoptimize) done
Event: 0.411 Executing VM operation: HandshakeAllThreads (Deoptimize)
Event: 0.411 Executing VM operation: HandshakeAllThreads (Deoptimize) done
Event: 0.434 Executing VM operation: JFRSafepointClear
Event: 0.434 Executing VM operation: JFRSafepointClear done

Memory protections (0 events):
No events

Nmethod flushes (0 events):
No events

Events (20 events):
Event: 0.028 Thread 0x0000023fbe15f4f0 Thread added: 0x0000023fbe15f4f0
Event: 0.036 Thread 0x0000023fbe15f4f0 Thread added: 0x0000023fbe2e07c0
Event: 0.036 Thread 0x0000023fbe15f4f0 Thread added: 0x0000023fbe2e0f00
Event: 0.036 Thread 0x0000023fbe15f4f0 Thread added: 0x0000023fbe2e33c0
Event: 0.036 Thread 0x0000023fbe15f4f0 Thread added: 0x0000023fbe2e4280
Event: 0.036 Thread 0x0000023fbe15f4f0 Thread added: 0x0000023fdf35df40
Event: 0.036 Thread 0x0000023fbe15f4f0 Thread added: 0x0000023fdf35fcb0
Event: 0.036 Thread 0x0000023fbe15f4f0 Thread added: 0x0000023fdf373960
Event: 0.036 Thread 0x0000023fbe15f4f0 Thread added: 0x0000023fdf383130
Event: 0.099 Thread 0x0000023fdf383130 Thread added: 0x0000023fdf381a80
Event: 0.099 Thread 0x0000023fdf383130 Thread added: 0x0000023fdf3838c0
Event: 0.100 Thread 0x0000023fdf381a80 Thread added: 0x0000023fdf380b60
Event: 0.105 Thread 0x0000023fdf381a80 Thread added: 0x0000023fdf3812f0
Event: 0.116 Thread 0x0000023fbe15f4f0 Thread added: 0x0000023fdf3619f0
Event: 0.220 Thread 0x0000023fbe15f4f0 Thread added: 0x0000023fdf360400
Event: 0.279 Thread 0x0000023fbe15f4f0 Thread added: 0x0000023fdf362140
Event: 0.338 Thread 0x0000023fdf373960 Thread added: 0x0000023fdfbe4420
Event: 0.341 Thread 0x0000023fdf381a80 Thread added: 0x0000023fdfbe5ad0
Event: 0.341 Thread 0x0000023fdf380b60 Thread added: 0x0000023fdfbe4bb0
Event: 0.409 Thread 0x0000023fbe15f4f0 Thread added: 0x0000023fdf35ee10


Dynamic libraries:
0x00007ff7dfbd0000 - 0x00007ff7dfbe0000 	C:\Program Files\Java\jdk-24\bin\java.exe
0x00007ffd62bc0000 - 0x00007ffd62e27000 	C:\WINDOWS\SYSTEM32\ntdll.dll
0x00007ffd60ed0000 - 0x00007ffd60f99000 	C:\WINDOWS\System32\KERNEL32.DLL
0x00007ffd60180000 - 0x00007ffd6056f000 	C:\WINDOWS\System32\KERNELBASE.dll
0x00007ffd5fec0000 - 0x00007ffd6000b000 	C:\WINDOWS\System32\ucrtbase.dll
0x00007ffd5a390000 - 0x00007ffd5a3ab000 	C:\Program Files\Java\jdk-24\bin\VCRUNTIME140.dll
0x00007ffd599b0000 - 0x00007ffd599c6000 	C:\Program Files\Java\jdk-24\bin\jli.dll
0x00007ffd610c0000 - 0x00007ffd61285000 	C:\WINDOWS\System32\USER32.dll
0x00007ffd45730000 - 0x00007ffd459c3000 	C:\WINDOWS\WinSxS\amd64_microsoft.windows.common-controls_6595b64144ccf1df_6.0.26100.7309_none_3e05feeae336a044\COMCTL32.dll
0x00007ffd5fd10000 - 0x00007ffd5fd37000 	C:\WINDOWS\System32\win32u.dll
0x00007ffd62ad0000 - 0x00007ffd62b79000 	C:\WINDOWS\System32\msvcrt.dll
0x00007ffd61570000 - 0x00007ffd6159b000 	C:\WINDOWS\System32\GDI32.dll
0x00007ffd60610000 - 0x00007ffd6073c000 	C:\WINDOWS\System32\gdi32full.dll
0x00007ffd608b0000 - 0x00007ffd60953000 	C:\WINDOWS\System32\msvcp_win.dll
0x00007ffd62990000 - 0x00007ffd629c1000 	C:\WINDOWS\System32\IMM32.DLL
0x00007ffd5aff0000 - 0x00007ffd5affc000 	C:\Program Files\Java\jdk-24\bin\vcruntime140_1.dll
0x00007ffd53db0000 - 0x00007ffd53e3e000 	C:\Program Files\Java\jdk-24\bin\msvcp140.dll
0x00007ffd0b230000 - 0x00007ffd0bfd1000 	C:\Program Files\Java\jdk-24\bin\server\jvm.dll
0x00007ffd62530000 - 0x00007ffd625e4000 	C:\WINDOWS\System32\ADVAPI32.dll
0x00007ffd628e0000 - 0x00007ffd62986000 	C:\WINDOWS\System32\sechost.dll
0x00007ffd60cf0000 - 0x00007ffd60e08000 	C:\WINDOWS\System32\RPCRT4.dll
0x00007ffd62860000 - 0x00007ffd628d4000 	C:\WINDOWS\System32\WS2_32.dll
0x00007ffd5fb70000 - 0x00007ffd5fbce000 	C:\WINDOWS\SYSTEM32\POWRPROF.dll
0x00007ffd514e0000 - 0x00007ffd51515000 	C:\WINDOWS\SYSTEM32\WINMM.dll
0x00007ffd59ef0000 - 0x00007ffd59efb000 	C:\WINDOWS\SYSTEM32\VERSION.dll
0x00007ffd5fb50000 - 0x00007ffd5fb64000 	C:\WINDOWS\SYSTEM32\UMPDC.dll
0x00007ffd5eaa0000 - 0x00007ffd5eabb000 	C:\WINDOWS\SYSTEM32\kernel.appcore.dll
0x00007ffd58730000 - 0x00007ffd5873a000 	C:\Program Files\Java\jdk-24\bin\jimage.dll
0x00007ffd48b30000 - 0x00007ffd48d72000 	C:\WINDOWS\SYSTEM32\DBGHELP.DLL
0x00007ffd60960000 - 0x00007ffd60ce5000 	C:\WINDOWS\System32\combase.dll
0x00007ffd61490000 - 0x00007ffd61566000 	C:\WINDOWS\System32\OLEAUT32.dll
0x00007ffd454b0000 - 0x00007ffd454ec000 	C:\WINDOWS\SYSTEM32\dbgcore.DLL
0x00007ffd60800000 - 0x00007ffd608a5000 	C:\WINDOWS\System32\bcryptPrimitives.dll
0x00007ffd58330000 - 0x00007ffd5833f000 	C:\Program Files\Java\jdk-24\bin\instrument.dll
0x00007ffd58350000 - 0x00007ffd5836e000 	C:\Program Files\Java\jdk-24\bin\java.dll
0x00007ffd621b0000 - 0x00007ffd62347000 	C:\WINDOWS\System32\ole32.dll
0x00007ffd61a50000 - 0x00007ffd621a3000 	C:\WINDOWS\System32\SHELL32.dll
0x00007ffd60010000 - 0x00007ffd6017a000 	C:\WINDOWS\System32\wintypes.dll
0x00007ffd10250000 - 0x00007ffd10448000 	C:\Users\MARO\AppData\Local\Temp\idea_libasyncProfiler_dll_temp_folder7\libasyncProfiler.dll
0x00007ffd5d8f0000 - 0x00007ffd5e14e000 	C:\WINDOWS\SYSTEM32\windows.storage.dll
0x00007ffd629d0000 - 0x00007ffd62ac5000 	C:\WINDOWS\System32\SHCORE.dll
0x00007ffd60fd0000 - 0x00007ffd61036000 	C:\WINDOWS\System32\shlwapi.dll
0x00007ffd5fc30000 - 0x00007ffd5fc59000 	C:\WINDOWS\SYSTEM32\profapi.dll
0x00007ffd52d10000 - 0x00007ffd52de7000 	C:\Program Files\Java\jdk-24\bin\jsvml.dll
0x00007ffd56eb0000 - 0x00007ffd56ec7000 	C:\Program Files\Java\jdk-24\bin\zip.dll
0x00007ffd580c0000 - 0x00007ffd580d0000 	C:\Program Files\Java\jdk-24\bin\net.dll
0x00007ffd5f030000 - 0x00007ffd5f09b000 	C:\WINDOWS\system32\mswsock.dll
0x00007ffd580a0000 - 0x00007ffd580b6000 	C:\Program Files\Java\jdk-24\bin\nio.dll
0x00007ffd56ea0000 - 0x00007ffd56ea9000 	C:\Program Files\Java\jdk-24\bin\extnet.dll

JVMTI agents:
C:\Program Files\JetBrains\IntelliJ IDEA 2025.1\lib\idea_rt.jar path:C:\Program Files\Java\jdk-24\bin\instrument.dll, loaded, initialized, instrumentlib options:52751
C:\Users\MARO\AppData\Local\Temp\idea_libasyncProfiler_dll_temp_folder7\libasyncProfiler.dll path:C:\Users\MARO\AppData\Local\Temp\idea_libasyncProfiler_dll_temp_folder7\libasyncProfiler.dll, loaded, initialized, options:start,jfr,event=wall,interval=10ms,jfrsync=profile,cstack=no,file=C:\Users\MARO\IdeaSnapshots\EduNestApplication_2026_01_26_155804.jfr,dbghelppath=C:\Users\MARO\AppData\Local\Temp\idea_dbghelp_dll_temp_folder1\dbghelp.dll,log=C:\Users\MARO\AppData\Local\Temp\EduNestApplication_2026_01_26_155804.jfr.log.txt,logLevel=DEBUG

dbghelp: loaded successfully - version: 4.0.5 - missing functions: none
symbol engine: initialized successfully - sym options: 0x614 - pdb path: .;C:\Program Files\Java\jdk-24\bin;C:\WINDOWS\SYSTEM32;C:\WINDOWS\WinSxS\amd64_microsoft.windows.common-controls_6595b64144ccf1df_6.0.26100.7309_none_3e05feeae336a044;C:\Program Files\Java\jdk-24\bin\server;C:\Users\MARO\AppData\Local\Temp\idea_libasyncProfiler_dll_temp_folder7

VM Arguments:
jvm_args: -javaagent:C:\Program Files\JetBrains\IntelliJ IDEA 2025.1\lib\idea_rt.jar=52751 -agentpath:C:\Users\MARO\AppData\Local\Temp\idea_libasyncProfiler_dll_temp_folder7\libasyncProfiler.dll=start,jfr,event=wall,interval=10ms,jfrsync=profile,cstack=no,file=C:\Users\MARO\IdeaSnapshots\EduNestApplication_2026_01_26_155804.jfr,dbghelppath=C:\Users\MARO\AppData\Local\Temp\idea_dbghelp_dll_temp_folder1\dbghelp.dll,log=C:\Users\MARO\AppData\Local\Temp\EduNestApplication_2026_01_26_155804.jfr.log.txt,logLevel=DEBUG -Dfile.encoding=UTF-8 -Dsun.stdout.encoding=UTF-8 -Dsun.stderr.encoding=UTF-8 
java_command: com.example.gradproj.EduNest.EduNestApplication
java_class_path (initial): D:\Grad proj\EduNest\EduNest\target\classes;C:\Users\MARO\.m2\repository\org\springframework\boot\spring-boot-starter\3.5.7\spring-boot-starter-3.5.7.jar;C:\Users\MARO\.m2\repository\org\springframework\boot\spring-boot\3.5.7\spring-boot-3.5.7.jar;C:\Users\MARO\.m2\repository\org\springframework\spring-context\6.2.12\spring-context-6.2.12.jar;C:\Users\MARO\.m2\repository\org\springframework\boot\spring-boot-autoconfigure\3.5.7\spring-boot-autoconfigure-3.5.7.jar;C:\Users\MARO\.m2\repository\org\springframework\boot\spring-boot-starter-logging\3.5.7\spring-boot-starter-logging-3.5.7.jar;C:\Users\MARO\.m2\repository\ch\qos\logback\logback-classic\1.5.20\logback-classic-1.5.20.jar;C:\Users\MARO\.m2\repository\ch\qos\logback\logback-core\1.5.20\logback-core-1.5.20.jar;C:\Users\MARO\.m2\repository\org\apache\logging\log4j\log4j-to-slf4j\2.24.3\log4j-to-slf4j-2.24.3.jar;C:\Users\MARO\.m2\repository\org\apache\logging\log4j\log4j-api\2.24.3\log4j-api-2.24.3.jar;C:\Users\MARO\.m2\repository\org\slf4j\jul-to-slf4j\2.0.17\jul-to-slf4j-2.0.17.jar;C:\Users\MARO\.m2\repository\jakarta\annotation\jakarta.annotation-api\2.1.1\jakarta.annotation-api-2.1.1.jar;C:\Users\MARO\.m2\repository\org\springframework\spring-core\6.2.12\spring-core-6.2.12.jar;C:\Users\MARO\.m2\repository\org\springframework\spring-jcl\6.2.12\spring-jcl-6.2.12.jar;C:\Users\MARO\.m2\repository\org\yaml\snakeyaml\2.4\snakeyaml-2.4.jar;C:\Users\MARO\.m2\repository\org\springframework\boot\spring-boot-devtools\3.5.7\spring-boot-devtools-3.5.7.jar;C:\Users\MARO\.m2\repository\org\projectlombok\lombok\1.18.42\lombok-1.18.42.jar;C:\Users\MARO\.m2\repository\io\jsonwebtoken\jjwt-api\0.12.5\jjwt-api-0.12.5.jar;C:\Users\MARO\.m2\repository\io\jsonwebtoken\jjwt-impl\0.12.5\jjwt-impl-0.12.5.jar;C:\Users\MARO\.m2\repository\io\jsonwebtoken\jjwt-jackson\0.12.5\jjwt-jackson-0.12.5.jar;C:\Users\MARO\.m2\repository\com\fasterxml\jackson\core\jackson-databind\2.19.2\jackson-databind-2.19.2.jar;C:\Users\MARO\.m2\repository\com\fasterxml\jackson\core\jackson-annotations\2.19.2\jackson-annotations-2.19.2.jar;C:\Users\MARO\.m2\repository\com\fasterxml\jackson\core\jackson-core\2.19.2\jackson-core-2.19.2.jar;C:\Users\MARO\.m2\repository\org\springframework\boot\spring-boot-starter-thymeleaf\3.5.7\spring-boot-starter-thymeleaf-3.5.7.jar;C:\Users\MARO\.m2\repository\org\thymeleaf\thymeleaf-spring6\3.1.3.RELEASE\thymeleaf-spring6-3.1.3.RELEASE.jar;C:\Users\MARO\.m2\repository\org\thymeleaf\thymeleaf\3.1.3.RELEASE\thymeleaf-3.1.3.RELEASE.jar;C:\Users\MARO\.m2\repository\org\attoparser\attoparser\2.0.7.RELEASE\attoparser-2.0.7.RELEASE.jar;C:\Users\MARO\.m2\repository\org\unbescape\unbescape\1.1.6.RELEASE\unbescape-1.1.6.RELEASE.jar;C:\Users\MARO\.m2\repository\org\slf4j\slf4j-api\2.0.17\slf4j-api-2.0.17.jar;C:\Users\MARO\.m2\repository\jakarta\xml\bind\jakarta.xml.bind-api\4.0.4\jakarta.xml.bind-api-4.0.4.jar;C:\Users\MARO\.m2\repository\jakarta\activation\jakarta.activation-api\2.1.4\jakarta.activation-api-2.1.4.jar;C:\Users\MARO\.m2\repository\net\bytebuddy\byte-buddy\1.17.8\byte-buddy-1.17.8.jar;C:\Users\MARO\.m2\repository\org\springframework\boot\spring-boot-starter-web\3.5.7\spring-boot-starter-web-3.5.7.jar;C:\Users\MARO\.m2\repository\org\springframework\boot\spring-boot-starter-json\3.5.7\spring-boot-starter-json-3.5.7.jar;C:\Users\MARO\.m2\repository\com\fasterxml\jackson\datatype\jackson-datatype-jdk8\2.19.2\jackson-datatype-jdk8-2.19.2.jar;C:\Users\MARO\.m2\repository\com\fasterxml\jackson\datatype\jackson-datatype-jsr310\2.19.2\jackson-datatype-jsr310-2.19.2.jar;C:\Users\MARO\.m2\repository\com\fasterxml\jackson\module\jackson-module-parameter-names\2.19.2\jackson-module-parameter-names-2.19.2.jar;C:\Users\MARO\.m2\repository\org\springframework\boot\spring-boot-starter-tomcat\3.5.7\spring-boot-starter-tomcat-3.5.7.jar;C:\Users\MARO\.m2\repository\org\apache\tomcat\embed\tomcat-embed-core\10.1.48\tomcat-embed-core-10.1.48.jar;C:\Users\MARO\.m2\repository\org\apache\tomcat\embed\tomcat-embed-websocket\10.1.48\tomcat-embed-websocket-10.1.48.jar;C:\Users\MARO\.m2\repository\org\springframework\spring-web\6.2.12\spring-web-6.2.12.jar;C:\Users\MARO\.m2\repository\org\springframework\spring-beans\6.2.12\spring-beans-6.2.12.jar;C:\Users\MARO\.m2\repository\io\micrometer\micrometer-observation\1.15.5\micrometer-observation-1.15.5.jar;C:\Users\MARO\.m2\repository\io\micrometer\micrometer-commons\1.15.5\micrometer-commons-1.15.5.jar;C:\Users\MARO\.m2\repository\org\springframework\spring-webmvc\6.2.12\spring-webmvc-6.2.12.jar;C:\Users\MARO\.m2\repository\org\springframework\spring-expression\6.2.12\spring-expression-6.2.12.jar;C:\Users\MARO\.m2\repository\org\springframework\boot\spring-boot-starter-data-jpa\3.5.7\spring-boot-starter-data-jpa-3.5.7.jar;C:\Users\MARO\.m2\repository\org\springframework\boot\spring-boot-starter-jdbc\3.5.7\spring-boot-starter-jdbc-3.5.7.jar;C:\Users\MARO\.m2\repository\com\zaxxer\HikariCP\6.3.3\HikariCP-6.3.3.jar;C:\Users\MARO\.m2\repository\org\springframework\spring-jdbc\6.2.12\spring-jdbc-6.2.12.jar;C:\Users\MARO\.m2\repository\org\hibernate\orm\hibernate-core\6.6.33.Final\hibernate-core-6.6.33.Final.jar;C:\Users\MARO\.m2\repository\jakarta\persistence\jakarta.persistence-api\3.1.0\jakarta.persistence-api-3.1.0.jar;C:\Users\MARO\.m2\repository\jakarta\transaction\jakarta.transaction-api\2.0.1\jakarta.transaction-api-2.0.1.jar;C:\Users\MARO\.m2\repository\org\jboss\logging\jboss-logging\3.6.1.Final\jboss-logging-3.6.1.Final.jar;C:\Users\MARO\.m2\repository\org\hibernate\common\hibernate-commons-annotations\7.0.3.Final\hibernate-commons-annotations-7.0.3.Final.jar;C:\Users\MARO\.m2\repository\io\smallrye\jandex\3.2.0\jandex-3.2.0.jar;C:\Users\MARO\.m2\repository\com\fasterxml\classmate\1.7.1\classmate-1.7.1.jar;C:\Users\MARO\.m2\repository\org\glassfish\jaxb\jaxb-runtime\4.0.6\jaxb-runtime-4.0.6.jar;C:\Users\MARO\.m2\repository\org\glassfish\jaxb\jaxb-core\4.0.6\jaxb-core-4.0.6.jar;C:\Users\MARO\.m2\repository\org\glassfish\jaxb\txw2\4.0.6\txw2-4.0.6.jar;C:\Users\MARO\.m2\repository\com\sun\istack\istack-commons-runtime\4.1.2\istack-commons-runtime-4.1.2.jar;C:\Users\MARO\.m2\repository\jakarta\inject\jakarta.inject-api\2.0.1\jakarta.inject-api-2.0.1.jar;C:\Users\MARO\.m2\repository\org\antlr\antlr4-runtime\4.13.0\antlr4-runtime-4.13.0.jar;C:\Users\MARO\.m2\repository\org\springframework\data\spring-data-jpa\3.5.5\spring-data-jpa-3.5.5.jar;C:\Users\MARO\.m2\repository\org\springframework\data\spring-data-commons\3.5.5\spring-data-commons-3.5.5.jar;C:\Users\MARO\.m2\repository\org\springframework\spring-orm\6.2.12\spring-orm-6.2.12.jar;C:\Users\MARO\.m2\repository\org\springframework\spring-tx\6.2.12\spring-tx-6.2.12.jar;C:\Users\MARO\.m2\repository\org\springframework\spring-aspects\6.2.12\spring-aspects-6.2.12.jar;C:\Users\MARO\.m2\repository\org\aspectj\aspectjweaver\1.9.24\aspectjweaver-1.9.24.jar;C:\Users\MARO\.m2\repository\org\springframework\boot\spring-boot-starter-validation\3.5.7\spring-boot-starter-validation-3.5.7.jar;C:\Users\MARO\.m2\repository\org\apache\tomcat\embed\tomcat-embed-el\10.1.48\tomcat-embed-el-10.1.48.jar;C:\Users\MARO\.m2\repository\org\hibernate\validator\hibernate-validator\8.0.3.Final\hibernate-validator-8.0.3.Final.jar;C:\Users\MARO\.m2\repository\jakarta\validation\jakarta.validation-api\3.0.2\jakarta.validation-api-3.0.2.jar;C:\Users\MARO\.m2\repository\com\mysql\mysql-connector-j\8.0.33\mysql-connector-j-8.0.33.jar;C:\Users\MARO\.m2\repository\org\springframework\boot\spring-boot-starter-security\3.5.7\spring-boot-starter-security-3.5.7.jar;C:\Users\MARO\.m2\repository\org\springframework\spring-aop\6.2.12\spring-aop-6.2.12.jar;C:\Users\MARO\.m2\repository\org\springframework\security\spring-security-config\6.5.6\spring-security-config-6.5.6.jar;C:\Users\MARO\.m2\repository\org\springframework\security\spring-security-core\6.5.6\spring-security-core-6.5.6.jar;C:\Users\MARO\.m2\repository\org\springframework\security\spring-security-crypto\6.5.6\spring-security-crypto-6.5.6.jar;C:\Users\MARO\.m2\repository\org\springframework\security\spring-security-web\6.5.6\spring-security-web-6.5.6.jar;C:\Users\MARO\.m2\repository\org\springdoc\springdoc-openapi-starter-webmvc-ui\2.7.0\springdoc-openapi-starter-webmvc-ui-2.7.0.jar;C:\Users\MARO\.m2\repository\org\springdoc\springdoc-openapi-starter-webmvc-api\2.7.0\springdoc-openapi-starter-webmvc-api-2.7.0.jar;C:\Users\MARO\.m2\repository\org\springdoc\springdoc-openapi-starter-common\2.7.0\springdoc-openapi-starter-common-2.7.0.jar;C:\Users\MARO\.m2\repository\io\swagger\core\v3\swagger-core-jakarta\2.2.25\swagger-core-jakarta-2.2.25.jar;C:\Users\MARO\.m2\repository\org\apache\commons\commons-lang3\3.17.0\commons-lang3-3.17.0.jar;C:\Users\MARO\.m2\repository\io\swagger\core\v3\swagger-annotations-jakarta\2.2.25\swagger-annotations-jakarta-2.2.25.jar;C:\Users\MARO\.m2\repository\io\swagger\core\v3\swagger-models-jakarta\2.2.25\swagger-models-jakarta-2.2.25.jar;C:\Users\MARO\.m2\repository\com\fasterxml\jackson\dataformat\jackson-dataformat-yaml\2.19.2\jackson-dataformat-yaml-2.19.2.jar;C:\Users\MARO\.m2\repository\org\webjars\swagger-ui\5.18.2\swagger-ui-5.18.2.jar;C:\Users\MARO\.m2\repository\org\webjars\webjars-locator-lite\1.1.2\webjars-locator-lite-1.1.2.jar;C:\Users\MARO\.m2\repository\org\jspecify\jspecify\1.0.0\jspecify-1.0.0.jar;C:\Users\MARO\.m2\repository\org\springframework\boot\spring-boot-starter-mail\3.5.7\spring-boot-starter-mail-3.5.7.jar;C:\Users\MARO\.m2\repository\org\springframework\spring-context-support\6.2.12\spring-context-support-6.2.12.jar;C:\Users\MARO\.m2\repository\org\eclipse\angus\jakarta.mail\2.0.5\jakarta.mail-2.0.5.jar;C:\Users\MARO\.m2\repository\org\eclipse\angus\angus-activation\2.0.3\angus-activation-2.0.3.jar
Launcher Type: SUN_STANDARD

[Global flags]
     intx CICompilerCount                          = 12                                        {product} {ergonomic}
     uint ConcGCThreads                            = 3                                         {product} {ergonomic}
     bool FlightRecorder                           = true                                      {product} {management}
     uint G1ConcRefinementThreads                  = 13                                        {product} {ergonomic}
   size_t G1HeapRegionSize                         = 2097152                                   {product} {ergonomic}
   size_t InitialHeapSize                          = 266338304                                 {product} {ergonomic}
   size_t MarkStackSize                            = 4194304                                   {product} {ergonomic}
   size_t MarkStackSizeMax                         = 536870912                                 {product} {ergonomic}
   size_t MaxHeapSize                              = 4257218560                                {product} {ergonomic}
   size_t MaxNewSize                               = 2554331136                                {product} {ergonomic}
   size_t MinHeapDeltaBytes                        = 2097152                                   {product} {ergonomic}
   size_t MinHeapSize                              = 8388608                                   {product} {ergonomic}
    uintx NonNMethodCodeHeapSize                   = 7602176                                {pd product} {ergonomic}
    uintx NonProfiledCodeHeapSize                  = 122093568                              {pd product} {ergonomic}
    uintx ProfiledCodeHeapSize                     = 121962496                              {pd product} {ergonomic}
    uintx ReservedCodeCacheSize                    = 251658240                              {pd product} {ergonomic}
     bool SegmentedCodeCache                       = true                                      {product} {ergonomic}
   size_t SoftMaxHeapSize                          = 4257218560                             {manageable} {ergonomic}
     bool UseCompressedOops                        = true                           {product lp64_product} {ergonomic}
     bool UseG1GC                                  = true                                      {product} {ergonomic}
     bool UseLargePagesIndividualAllocation        = false                                  {pd product} {ergonomic}

Logging:
Log output configuration:
 #0: stdout all=warning uptime,level,tags foldmultilines=false
 #1: stderr all=off uptime,level,tags foldmultilines=false

Environment Variables:
JAVA_HOME=C:\Program Files\Java\jdk-23
PATH=C:\Program Files\Microsoft MPI\Bin\;C:\Program Files\Common Files\Oracle\Java\javapath;C:\Program Files (x86)\Common Files\Oracle\Java\java8path;C:\Program Files (x86)\Common Files\Oracle\Java\javapath;C:\Windows\system32;C:\Windows;C:\Windows\System32\Wbem;C:\Windows\System32\WindowsPowerShell\v1.0\;C:\Windows\System32\OpenSSH\;C:\MinGW\bin;C:\Program Files\Git\cmd;C:\minikube;C:\WINDOWS\system32;C:\WINDOWS;C:\WINDOWS\System32\Wbem;C:\WINDOWS\System32\WindowsPowerShell\v1.0\;C:\WINDOWS\System32\OpenSSH\;C:\Users\MARO\AppData\Local\Programs\Python\Python313;C:\Users\MARO\AppData\Local\Programs\Python\Python313\Scripts;C:\Program Files\Java\jdk-23\bin;D:\Maven\apache-maven-3.9.9\bin;D:\Maven\apache-maven-3.9.9\bin;C:\Program Files\dotnet\;C:\Program Files\Java\jdk-24\bin;C:\Program Files\Java\jdk-21\bin;C:\Program Files\nodejs\;C:\Program Files\Docker\Docker\resources\bin;C:\Program Files\Java\javacc-6.0.1\bin;;C:\Program Files\NVIDIA Corporation\NVIDIA App\NvDLISR;C:\Program Files (x86)\NVIDIA Corporation\PhysX\Common;C:\Program Files\MySQL\MySQL Shell 8.0\bin\;C:\Users\MARO\AppData\Local\Programs\Python\Launcher\;C:\Users\MARO\AppData\Local\Microsoft\WindowsApps;C:\Users\MARO\AppData\Local\Programs\Microsoft VS Code\bin;C:\Program Files\JetBrains\IntelliJ IDEA 2025.1\bin;C:\Dart\dart-sdk\bin;C:\Users\MARO\AppData\Local\JetBrains\Toolbox\scripts;C:\Users\MARO\AppData\Roaming\npm
USERNAME=MARO
OS=Windows_NT
PROCESSOR_IDENTIFIER=AMD64 Family 25 Model 80 Stepping 0, AuthenticAMD
TMP=C:\Users\MARO\AppData\Local\Temp
TEMP=C:\Users\MARO\AppData\Local\Temp




Periodic native trim disabled

---------------  S Y S T E M  ---------------

OS:
 Windows 11 , 64 bit Build 26100 (10.0.26100.7309)
OS uptime: 24 days 18:40 hours
Hyper-V role detected

CPU: total 16 (initial active 16) (16 cores per cpu, 2 threads per core) family 25 model 80 stepping 0 microcode 0xa50000f, cx8, cmov, fxsr, ht, mmx, 3dnowpref, sse, sse2, sse3, ssse3, sse4a, sse4.1, sse4.2, popcnt, lzcnt, tsc, tscinvbit, avx, avx2, aes, erms, clmul, bmi1, bmi2, adx, sha, fma, vzeroupper, clflush, clflushopt, hv, rdtscp, rdpid, fsrm, f16c, cet_ss
Processor Information for the first 16 processors :
  Max Mhz: 3201, Current Mhz: 3201, Mhz Limit: 3201

Memory: 4k page, system-wide physical 16236M (6365M free)
TotalPageFile size 17441M (AvailPageFile size 5357M)
current process WorkingSet (physical memory assigned to process): 103M, peak: 106M
current process commit charge ("private bytes"): 415M, peak: 418M

vm_info: Java HotSpot(TM) 64-Bit Server VM (24.0.2+12-54) for windows-amd64 JRE (24.0.2+12-54), built on 2025-07-08T12:10:27Z with MS VC++ 17.6 (VS2022)

END.
